[0m16:24:12.480328 [debug] [MainThread]: Sending event: {'category': 'dbt', 'action': 'invocation', 'label': 'start', 'context': [<snowplow_tracker.self_describing_json.SelfDescribingJson object at 0x0000025E8EA3DA60>, <snowplow_tracker.self_describing_json.SelfDescribingJson object at 0x0000025E8EA3F140>, <snowplow_tracker.self_describing_json.SelfDescribingJson object at 0x0000025E8EA3DAF0>]}


============================== 16:24:12.480328 | 3ea135ef-f555-4f0a-be94-6ad6c876e044 ==============================
[0m16:24:12.480328 [info ] [MainThread]: Running with dbt=1.8.2
[0m16:24:12.480328 [debug] [MainThread]: running dbt with arguments {'printer_width': '80', 'indirect_selection': 'eager', 'write_json': 'True', 'log_cache_events': 'False', 'partial_parse': 'True', 'cache_selected_only': 'False', 'profiles_dir': 'C:\\Users\\10740461\\.dbt', 'debug': 'False', 'version_check': 'True', 'log_path': 'logs', 'fail_fast': 'False', 'warn_error': 'None', 'use_colors': 'True', 'use_experimental_parser': 'False', 'no_print': 'None', 'quiet': 'False', 'log_format': 'default', 'static_parser': 'True', 'invocation_command': 'dbt init', 'introspect': 'True', 'target_path': 'None', 'warn_error_options': 'WarnErrorOptions(include=[], exclude=[])', 'send_anonymous_usage_stats': 'True'}
[0m16:24:39.125929 [debug] [MainThread]: Starter project path: C:\dbt_practice\demo_dbt\.venv\Lib\site-packages\dbt\include\starter_project
[0m16:24:39.144721 [info ] [MainThread]: 
Your new dbt project "dbt_company" was created!

For more information on how to configure the profiles.yml file,
please consult the dbt documentation here:

  https://docs.getdbt.com/docs/configure-your-profile

One more thing:

Need help? Don't hesitate to reach out to us via GitHub issues or on Slack:

  https://community.getdbt.com/

Happy modeling!

[0m16:24:39.144721 [info ] [MainThread]: Setting up your profile.
[0m16:27:31.893079 [info ] [MainThread]: Profile dbt_company written to C:\Users\10740461\.dbt\profiles.yml using target's profile_template.yml and your supplied values. Run 'dbt debug' to validate the connection.
[0m16:27:31.907806 [debug] [MainThread]: Command `dbt init` succeeded at 16:27:31.907806 after 199.58 seconds
[0m16:27:31.908971 [debug] [MainThread]: Sending event: {'category': 'dbt', 'action': 'invocation', 'label': 'end', 'context': [<snowplow_tracker.self_describing_json.SelfDescribingJson object at 0x0000025E8E0A0740>, <snowplow_tracker.self_describing_json.SelfDescribingJson object at 0x0000025E8F2FADB0>, <snowplow_tracker.self_describing_json.SelfDescribingJson object at 0x0000025E8EDF0EF0>]}
[0m16:27:31.910045 [debug] [MainThread]: Flushing usage events
[0m16:27:33.414855 [debug] [MainThread]: Error sending anonymous usage statistics. Disabling tracking for this execution. If you wish to permanently disable tracking, see: https://docs.getdbt.com/reference/global-configs#send-anonymous-usage-stats.
[0m16:27:40.073649 [debug] [MainThread]: Sending event: {'category': 'dbt', 'action': 'invocation', 'label': 'start', 'context': [<snowplow_tracker.self_describing_json.SelfDescribingJson object at 0x000002015B1DE900>, <snowplow_tracker.self_describing_json.SelfDescribingJson object at 0x000002015E851A90>, <snowplow_tracker.self_describing_json.SelfDescribingJson object at 0x000002015E771F40>]}


============================== 16:27:40.073649 | c3412f15-e5d1-403d-99b8-5ab29ee0c728 ==============================
[0m16:27:40.073649 [info ] [MainThread]: Running with dbt=1.8.2
[0m16:27:40.073649 [debug] [MainThread]: running dbt with arguments {'printer_width': '80', 'indirect_selection': 'eager', 'write_json': 'True', 'log_cache_events': 'False', 'partial_parse': 'True', 'cache_selected_only': 'False', 'warn_error': 'None', 'debug': 'False', 'version_check': 'True', 'log_path': 'logs', 'fail_fast': 'False', 'profiles_dir': 'C:\\Users\\10740461\\.dbt', 'use_colors': 'True', 'use_experimental_parser': 'False', 'no_print': 'None', 'quiet': 'False', 'log_format': 'default', 'introspect': 'True', 'invocation_command': 'dbt debug', 'static_parser': 'True', 'target_path': 'None', 'warn_error_options': 'WarnErrorOptions(include=[], exclude=[])', 'send_anonymous_usage_stats': 'True'}
[0m16:27:40.101889 [info ] [MainThread]: dbt version: 1.8.2
[0m16:27:40.116397 [info ] [MainThread]: python version: 3.12.3
[0m16:27:40.117556 [info ] [MainThread]: python path: C:\dbt_practice\demo_dbt\.venv\Scripts\python.exe
[0m16:27:40.118091 [info ] [MainThread]: os info: Windows-11-10.0.22631-SP0
[0m16:27:40.615431 [info ] [MainThread]: Using profiles dir at C:\Users\10740461\.dbt
[0m16:27:40.615431 [info ] [MainThread]: Using profiles.yml file at C:\Users\10740461\.dbt\profiles.yml
[0m16:27:40.615431 [info ] [MainThread]: Using dbt_project.yml file at C:\dbt_practice\demo_dbt\demo_company\dbt_project.yml
[0m16:27:40.615431 [info ] [MainThread]: Configuration:
[0m16:27:40.615431 [info ] [MainThread]:   profiles.yml file [[31mERROR invalid[0m]
[0m16:27:40.615431 [info ] [MainThread]:   dbt_project.yml file [[31mERROR not found[0m]
[0m16:27:40.615431 [info ] [MainThread]: Required dependencies:
[0m16:27:40.615431 [debug] [MainThread]: Executing "git --help"
[0m16:27:40.677482 [debug] [MainThread]: STDOUT: "b"usage: git [-v | --version] [-h | --help] [-C <path>] [-c <name>=<value>]\n           [--exec-path[=<path>]] [--html-path] [--man-path] [--info-path]\n           [-p | --paginate | -P | --no-pager] [--no-replace-objects] [--bare]\n           [--git-dir=<path>] [--work-tree=<path>] [--namespace=<name>]\n           [--config-env=<name>=<envvar>] <command> [<args>]\n\nThese are common Git commands used in various situations:\n\nstart a working area (see also: git help tutorial)\n   clone     Clone a repository into a new directory\n   init      Create an empty Git repository or reinitialize an existing one\n\nwork on the current change (see also: git help everyday)\n   add       Add file contents to the index\n   mv        Move or rename a file, a directory, or a symlink\n   restore   Restore working tree files\n   rm        Remove files from the working tree and from the index\n\nexamine the history and state (see also: git help revisions)\n   bisect    Use binary search to find the commit that introduced a bug\n   diff      Show changes between commits, commit and working tree, etc\n   grep      Print lines matching a pattern\n   log       Show commit logs\n   show      Show various types of objects\n   status    Show the working tree status\n\ngrow, mark and tweak your common history\n   branch    List, create, or delete branches\n   commit    Record changes to the repository\n   merge     Join two or more development histories together\n   rebase    Reapply commits on top of another base tip\n   reset     Reset current HEAD to the specified state\n   switch    Switch branches\n   tag       Create, list, delete or verify a tag object signed with GPG\n\ncollaborate (see also: git help workflows)\n   fetch     Download objects and refs from another repository\n   pull      Fetch from and integrate with another repository or a local branch\n   push      Update remote refs along with associated objects\n\n'git help -a' and 'git help -g' list available subcommands and some\nconcept guides. See 'git help <command>' or 'git help <concept>'\nto read about a specific subcommand or concept.\nSee 'git help git' for an overview of the system.\n""
[0m16:27:40.677482 [debug] [MainThread]: STDERR: "b''"
[0m16:27:40.677482 [info ] [MainThread]:  - git [[32mOK found[0m]

[0m16:27:40.677482 [info ] [MainThread]: Connection test skipped since no profile was found
[0m16:27:40.677482 [info ] [MainThread]: [31m2 checks failed:[0m
[0m16:27:40.677482 [info ] [MainThread]: Could not load dbt_project.yml
Profile loading failed for the following reason:
Runtime Error
  Credentials in profile "snowflake", target "dev" invalid: ['anything'] is not valid under any of the given schemas


[0m16:27:40.677482 [info ] [MainThread]: Project loading failed for the following reason:
 project path <C:\dbt_practice\demo_dbt\demo_company\dbt_project.yml> not found

[0m16:27:40.683943 [debug] [MainThread]: Command `dbt debug` failed at 16:27:40.683943 after 0.73 seconds
[0m16:27:40.684811 [debug] [MainThread]: Sending event: {'category': 'dbt', 'action': 'invocation', 'label': 'end', 'context': [<snowplow_tracker.self_describing_json.SelfDescribingJson object at 0x000002015E771F40>, <snowplow_tracker.self_describing_json.SelfDescribingJson object at 0x000002015F422ED0>, <snowplow_tracker.self_describing_json.SelfDescribingJson object at 0x000002016081A990>]}
[0m16:27:40.684811 [debug] [MainThread]: Flushing usage events
[0m16:27:41.806736 [debug] [MainThread]: Error sending anonymous usage statistics. Disabling tracking for this execution. If you wish to permanently disable tracking, see: https://docs.getdbt.com/reference/global-configs#send-anonymous-usage-stats.
